<?xml version="1.0" encoding="UTF-8"?>
<testng-results ignored="0" total="4" passed="4" failed="0" skipped="0">
  <reporter-output>
  </reporter-output>
  <suite started-at="2024-07-15T17:24:00 IST" name="Suite" finished-at="2024-07-15T17:24:36 IST" duration-ms="35868">
    <groups>
      <group name="Purchase">
        <method signature="SubmitOrderTest.submitOrder(java.util.HashMap)[pri:0, instance:test.Tests.SubmitOrderTest@57db2b13]" name="submitOrder" class="test.Tests.SubmitOrderTest"/>
      </group> <!-- Purchase -->
      <group name="ErrorHandling">
        <method signature="ErrorValidationsTest.errorValidation()[pri:0, instance:test.Tests.ErrorValidationsTest@2b30a42c]" name="errorValidation" class="test.Tests.ErrorValidationsTest"/>
      </group> <!-- ErrorHandling -->
    </groups>
    <test started-at="2024-07-15T17:24:00 IST" name="Error Validations Test" finished-at="2024-07-15T17:24:08 IST" duration-ms="7691">
      <class name="test.Tests.ErrorValidationsTest">
        <test-method is-config="true" signature="launchApplication()[pri:0, instance:test.Tests.ErrorValidationsTest@2b30a42c]" started-at="2024-07-15T17:24:00 IST" name="launchApplication" finished-at="2024-07-15T17:24:07 IST" duration-ms="7001" status="PASS">
          <reporter-output>
          </reporter-output>
        </test-method> <!-- launchApplication -->
        <test-method signature="errorValidation()[pri:0, instance:test.Tests.ErrorValidationsTest@2b30a42c]" started-at="2024-07-15T17:24:07 IST" name="errorValidation" finished-at="2024-07-15T17:24:08 IST" duration-ms="497" status="PASS">
          <reporter-output>
          </reporter-output>
        </test-method> <!-- errorValidation -->
        <test-method is-config="true" signature="tearDown()[pri:0, instance:test.Tests.ErrorValidationsTest@2b30a42c]" started-at="2024-07-15T17:24:08 IST" name="tearDown" finished-at="2024-07-15T17:24:08 IST" duration-ms="153" status="PASS">
          <reporter-output>
          </reporter-output>
        </test-method> <!-- tearDown -->
      </class> <!-- test.Tests.ErrorValidationsTest -->
    </test> <!-- Error Validations Test -->
    <test started-at="2024-07-15T17:24:08 IST" name="Submit Order Test" finished-at="2024-07-15T17:24:36 IST" duration-ms="27758">
      <class name="test.Tests.SubmitOrderTest">
        <test-method is-config="true" signature="launchApplication()[pri:0, instance:test.Tests.SubmitOrderTest@57db2b13]" started-at="2024-07-15T17:24:09 IST" name="launchApplication" finished-at="2024-07-15T17:24:15 IST" duration-ms="6542" status="PASS">
          <reporter-output>
          </reporter-output>
        </test-method> <!-- launchApplication -->
        <test-method signature="submitOrder(java.util.HashMap)[pri:0, instance:test.Tests.SubmitOrderTest@57db2b13]" started-at="2024-07-15T17:24:15 IST" name="submitOrder" data-provider="getData" finished-at="2024-07-15T17:24:19 IST" duration-ms="4068" status="PASS">
          <params>
            <param index="0">
              <value>
                <![CDATA[{password=Rs1234!@#$, product=ZARA COAT 3, email=reshma98@gmail.com}]]>
              </value>
            </param>
          </params>
          <reporter-output>
          </reporter-output>
        </test-method> <!-- submitOrder -->
        <test-method is-config="true" signature="tearDown()[pri:0, instance:test.Tests.SubmitOrderTest@57db2b13]" started-at="2024-07-15T17:24:19 IST" name="tearDown" finished-at="2024-07-15T17:24:19 IST" duration-ms="135" status="PASS">
          <reporter-output>
          </reporter-output>
        </test-method> <!-- tearDown -->
        <test-method is-config="true" signature="launchApplication()[pri:0, instance:test.Tests.SubmitOrderTest@57db2b13]" started-at="2024-07-15T17:24:19 IST" name="launchApplication" finished-at="2024-07-15T17:24:26 IST" duration-ms="6699" status="PASS">
          <reporter-output>
          </reporter-output>
        </test-method> <!-- launchApplication -->
        <test-method signature="submitOrder(java.util.HashMap)[pri:0, instance:test.Tests.SubmitOrderTest@57db2b13]" started-at="2024-07-15T17:24:26 IST" name="submitOrder" data-provider="getData" finished-at="2024-07-15T17:24:30 IST" duration-ms="3835" status="PASS">
          <params>
            <param index="0">
              <value>
                <![CDATA[{password=Iamking@000, product=ADIDAS ORIGINAL, email=shetty@gmail.com}]]>
              </value>
            </param>
          </params>
          <reporter-output>
          </reporter-output>
        </test-method> <!-- submitOrder -->
        <test-method is-config="true" signature="tearDown()[pri:0, instance:test.Tests.SubmitOrderTest@57db2b13]" started-at="2024-07-15T17:24:30 IST" name="tearDown" finished-at="2024-07-15T17:24:30 IST" duration-ms="209" status="PASS">
          <reporter-output>
          </reporter-output>
        </test-method> <!-- tearDown -->
        <test-method is-config="true" signature="launchApplication()[pri:0, instance:test.Tests.SubmitOrderTest@57db2b13]" started-at="2024-07-15T17:24:30 IST" name="launchApplication" finished-at="2024-07-15T17:24:35 IST" duration-ms="5116" status="PASS">
          <reporter-output>
          </reporter-output>
        </test-method> <!-- launchApplication -->
        <test-method signature="checkOrders()[pri:0, instance:test.Tests.SubmitOrderTest@57db2b13]" started-at="2024-07-15T17:24:35 IST" name="checkOrders" finished-at="2024-07-15T17:24:36 IST" depends-on-methods="test.Tests.SubmitOrderTest.submitOrder" duration-ms="624" status="PASS">
          <reporter-output>
          </reporter-output>
        </test-method> <!-- checkOrders -->
        <test-method is-config="true" signature="tearDown()[pri:0, instance:test.Tests.SubmitOrderTest@57db2b13]" started-at="2024-07-15T17:24:36 IST" name="tearDown" finished-at="2024-07-15T17:24:36 IST" duration-ms="174" status="PASS">
          <reporter-output>
          </reporter-output>
        </test-method> <!-- tearDown -->
      </class> <!-- test.Tests.SubmitOrderTest -->
    </test> <!-- Submit Order Test -->
  </suite> <!-- Suite -->
</testng-results>
