<?xml version="1.0" encoding="UTF-8"?>
<!-- Generated by org.testng.reporters.JUnitXMLReporter -->
<testsuite ignored="0" hostname="rrs-3M043F3" failures="0" tests="3" name="Submit Order Test" time="27.758" errors="0" timestamp="2024-07-15T17:24:36 IST">
  <testcase classname="test.Tests.SubmitOrderTest" name="submitOrder" time="4.068"/>
  <testcase classname="test.Tests.SubmitOrderTest" name="submitOrder" time="3.835"/>
  <testcase classname="test.Tests.SubmitOrderTest" name="checkOrders" time="0.624"/>
</testsuite> <!-- Submit Order Test -->
