<?xml version="1.0" encoding="UTF-8"?>
<!-- Generated by org.testng.reporters.JUnitXMLReporter -->
<testsuite ignored="0" hostname="rrs-3M043F3" failures="0" tests="3" name="Submit Order Test" time="46.955" errors="0" timestamp="2024-07-15T11:15:37 IST">
  <testcase classname="test.Tests.SubmitOrderTest" name="submitOrder" time="5.42"/>
  <testcase classname="test.Tests.SubmitOrderTest" name="submitOrder" time="5.492"/>
  <testcase classname="test.Tests.SubmitOrderTest" name="checkOrders" time="1.259"/>
</testsuite> <!-- Submit Order Test -->
